mobile/build/intermediates/manifest_merge_blame_file/debug/manifest-merger-blame-debug-report.txt
1<?xml version="1.0" encoding="utf-8"?>
2<manifest xmlns:android="http://schemas.android.com/apk/res/android"
3    package="com.tima.streaming"
4    android:versionCode="1"
5    android:versionName="1.0" >
6
7    <uses-sdk
8        android:minSdkVersion="28"
8-->src\main\AndroidManifest.xml
9        android:targetSdkVersion="29" />
9-->src\main\AndroidManifest.xml
10
11    <uses-permission android:name="android.permission.FOREGROUND_SERVICE" />
11-->[:shared] AndroidManifest.xml:11:5-77
11-->[:shared] AndroidManifest.xml:11:22-74
12    <uses-permission android:name="android.permission.INTERNET" />
12-->[:shared] AndroidManifest.xml:12:5-67
12-->[:shared] AndroidManifest.xml:12:22-64
13    <uses-permission android:name="android.permission.ACCESS_NETWORK_STATE" />
13-->[com.google.android.exoplayer:exoplayer-core:2.10.0] AndroidManifest.xml:24:5-79
13-->[com.google.android.exoplayer:exoplayer-core:2.10.0] AndroidManifest.xml:24:22-76
14
15    <application
15-->src\main\AndroidManifest.xml:5:5-19:19
16        android:allowBackup="true"
16-->src\main\AndroidManifest.xml:6:9-35
17        android:appComponentFactory="androidx.core.app.CoreComponentFactory"
17-->[androidx.core:core:1.1.0] AndroidManifest.xml:24:18-86
18        android:debuggable="true"
19        android:icon="@mipmap/ic_launcher"
19-->src\main\AndroidManifest.xml:7:9-43
20        android:label="@string/app_name"
20-->src\main\AndroidManifest.xml:8:9-41
21        android:roundIcon="@mipmap/ic_launcher_round"
21-->src\main\AndroidManifest.xml:9:9-54
22        android:supportsRtl="true"
22-->src\main\AndroidManifest.xml:10:9-35
23        android:theme="@style/AppTheme" >
23-->src\main\AndroidManifest.xml:11:9-40
24        <activity android:name="com.tima.streaming.MainActivity" >
24-->src\main\AndroidManifest.xml:12:9-18:20
24-->src\main\AndroidManifest.xml:12:19-47
25            <intent-filter>
25-->src\main\AndroidManifest.xml:13:13-17:29
26                <action android:name="android.intent.action.MAIN" />
26-->src\main\AndroidManifest.xml:14:17-69
26-->src\main\AndroidManifest.xml:14:25-66
27
28                <category android:name="android.intent.category.LAUNCHER" />
28-->src\main\AndroidManifest.xml:16:17-77
28-->src\main\AndroidManifest.xml:16:27-74
29            </intent-filter>
30        </activity>
31
32        <meta-data
32-->[:shared] AndroidManifest.xml:15:9-17:59
33            android:name="com.google.android.gms.car.application"
33-->[:shared] AndroidManifest.xml:16:13-66
34            android:resource="@xml/automotive_app_desc" />
34-->[:shared] AndroidManifest.xml:17:13-56
35
36        <receiver android:name="androidx.media.session.MediaButtonReceiver" >
36-->[:shared] AndroidManifest.xml:19:9-23:20
36-->[:shared] AndroidManifest.xml:19:19-76
37            <intent-filter>
37-->[:shared] AndroidManifest.xml:20:13-22:29
38                <action android:name="android.intent.action.MEDIA_BUTTON" />
38-->[:shared] AndroidManifest.xml:21:17-77
38-->[:shared] AndroidManifest.xml:21:25-74
39            </intent-filter>
40        </receiver>
41    </application>
42
43</manifest>